<?xml version="1.0" encoding="UTF-8"?>
<!-- Generated by org.testng.reporters.JUnitReportReporter -->
<testsuite hostname="ZZZ-M-TT36ZH" failures="0" tests="1" name="com.qualitystream.tutorial.GoogleSearchTest" time="1.904" errors="0" timestamp="3 May 2020 23:03:31 GMT">
  <testcase classname="com.qualitystream.tutorial.GoogleSearchTest" name="testGooglePage" time="1.904"/>
</testsuite> <!-- com.qualitystream.tutorial.GoogleSearchTest -->
