<?xml version="1.0" encoding="UTF-8"?>
<!-- Generated by org.testng.reporters.JUnitReportReporter -->
<testsuite hostname="ZZZ-M-TT36ZH" failures="0" tests="1" name="com.qualitystream.testng.NewTest" time="0.004" errors="0" timestamp="3 May 2020 06:55:59 GMT">
  <testcase classname="com.qualitystream.testng.NewTest" name="f" time="0.004"/>
</testsuite> <!-- com.qualitystream.testng.NewTest -->
