<?xml version="1.0" encoding="UTF-8"?>
<!-- Generated by org.testng.reporters.JUnitReportReporter -->
<testsuite hostname="ZZZ-M-TT36ZH" failures="0" tests="2" name="com.localizadores.Localizadores" time="13.008" errors="0" timestamp="5 May 2020 08:14:00 GMT">
  <testcase classname="com.localizadores.Localizadores" name="signIn" time="7.080"/>
  <testcase classname="com.localizadores.Localizadores" name="registerUser" time="5.928"/>
</testsuite> <!-- com.localizadores.Localizadores -->
